<?xml version="1.0" encoding="UTF-8"?>
<testng-results skipped="0" failed="0" ignored="0" total="1" passed="1">
  <reporter-output>
  </reporter-output>
  <suite name="Default suite" duration-ms="17545" started-at="2017-09-27T05:12:18Z" finished-at="2017-09-27T05:12:36Z">
    <groups>
    </groups>
    <test name="Default test" duration-ms="17545" started-at="2017-09-27T05:12:18Z" finished-at="2017-09-27T05:12:36Z">
      <class name="com.stateFarm.com.stateFarm.HomePageTest">
        <test-method status="PASS" signature="setup()[pri:0, instance:com.stateFarm.com.stateFarm.HomePageTest@5442a311]" name="setup" is-config="true" duration-ms="15647" started-at="2017-09-27T00:12:18Z" finished-at="2017-09-27T00:12:34Z">
          <reporter-output>
          </reporter-output>
        </test-method> <!-- setup -->
        <test-method status="PASS" signature="tc_1()[pri:0, instance:com.stateFarm.com.stateFarm.HomePageTest@5442a311]" name="tc_1" duration-ms="1808" started-at="2017-09-27T00:12:34Z" finished-at="2017-09-27T00:12:36Z">
          <reporter-output>
          </reporter-output>
        </test-method> <!-- tc_1 -->
      </class> <!-- com.stateFarm.com.stateFarm.HomePageTest -->
    </test> <!-- Default test -->
  </suite> <!-- Default suite -->
</testng-results>
